2023/09/24 21:30:00 [notice] 1#1: using the "epoll" event method
2023/09/24 21:30:00 [notice] 1#1: nginx/1.25.2
2023/09/24 21:30:00 [notice] 1#1: built by gcc 12.2.0 (Debian 12.2.0-14) 
2023/09/24 21:30:00 [notice] 1#1: OS: Linux 6.2.0-33-generic
2023/09/24 21:30:00 [notice] 1#1: getrlimit(RLIMIT_NOFILE): 1048576:1048576
2023/09/24 21:30:00 [notice] 1#1: start worker processes
2023/09/24 21:30:00 [notice] 1#1: start worker process 20
2023/09/24 21:30:00 [notice] 1#1: start worker process 21
2023/09/24 21:30:00 [notice] 1#1: start worker process 22
2023/09/24 21:30:00 [notice] 1#1: start worker process 23
2023/09/24 21:30:00 [notice] 1#1: start worker process 24
2023/09/24 21:30:00 [notice] 1#1: start worker process 25
2023/09/24 21:30:00 [notice] 1#1: start worker process 26
2023/09/24 21:30:00 [notice] 1#1: start worker process 27
2023/09/24 21:30:44 [error] 20#20: *1 "/etc/nginx/html/index.html" is not found (2: No such file or directory), client: 172.19.0.1, server: , request: "GET / HTTP/1.1", host: "127.0.0.1:9090"
2023/09/24 21:30:44 [error] 20#20: *1 open() "/etc/nginx/html/favicon.ico" failed (2: No such file or directory), client: 172.19.0.1, server: , request: "GET /favicon.ico HTTP/1.1", host: "127.0.0.1:9090", referrer: "http://127.0.0.1:9090/"
2023/09/24 21:31:08 [error] 20#20: *1 "/etc/nginx/html/index.html" is not found (2: No such file or directory), client: 172.19.0.1, server: , request: "GET / HTTP/1.1", host: "127.0.0.1:9090"
2023/09/24 21:32:50 [notice] 1#1: signal 3 (SIGQUIT) received, shutting down
2023/09/24 21:32:50 [notice] 23#23: gracefully shutting down
2023/09/24 21:32:50 [notice] 20#20: gracefully shutting down
2023/09/24 21:32:50 [notice] 25#25: gracefully shutting down
2023/09/24 21:32:50 [notice] 24#24: gracefully shutting down
2023/09/24 21:32:50 [notice] 21#21: gracefully shutting down
2023/09/24 21:32:50 [notice] 27#27: gracefully shutting down
2023/09/24 21:32:50 [notice] 23#23: exiting
2023/09/24 21:32:50 [notice] 22#22: gracefully shutting down
2023/09/24 21:32:50 [notice] 20#20: exiting
2023/09/24 21:32:50 [notice] 25#25: exiting
2023/09/24 21:32:50 [notice] 21#21: exiting
2023/09/24 21:32:50 [notice] 24#24: exiting
2023/09/24 21:32:50 [notice] 27#27: exiting
2023/09/24 21:32:50 [notice] 22#22: exiting
2023/09/24 21:32:50 [notice] 23#23: exit
2023/09/24 21:32:50 [notice] 20#20: exit
2023/09/24 21:32:50 [notice] 25#25: exit
2023/09/24 21:32:50 [notice] 27#27: exit
2023/09/24 21:32:50 [notice] 21#21: exit
2023/09/24 21:32:50 [notice] 24#24: exit
2023/09/24 21:32:50 [notice] 22#22: exit
2023/09/24 21:32:50 [notice] 26#26: gracefully shutting down
2023/09/24 21:32:50 [notice] 26#26: exiting
2023/09/24 21:32:50 [notice] 26#26: exit
2023/09/24 21:32:50 [notice] 1#1: signal 17 (SIGCHLD) received from 23
2023/09/24 21:32:50 [notice] 1#1: worker process 23 exited with code 0
2023/09/24 21:32:50 [notice] 1#1: signal 29 (SIGIO) received
2023/09/24 21:32:50 [notice] 1#1: signal 17 (SIGCHLD) received from 22
2023/09/24 21:32:50 [notice] 1#1: worker process 21 exited with code 0
2023/09/24 21:32:50 [notice] 1#1: worker process 22 exited with code 0
2023/09/24 21:32:50 [notice] 1#1: signal 29 (SIGIO) received
2023/09/24 21:32:50 [notice] 1#1: signal 17 (SIGCHLD) received from 26
2023/09/24 21:32:50 [notice] 1#1: worker process 26 exited with code 0
2023/09/24 21:32:50 [notice] 1#1: signal 29 (SIGIO) received
2023/09/24 21:32:50 [notice] 1#1: signal 17 (SIGCHLD) received from 20
2023/09/24 21:32:50 [notice] 1#1: worker process 20 exited with code 0
2023/09/24 21:32:50 [notice] 1#1: signal 29 (SIGIO) received
2023/09/24 21:32:50 [notice] 1#1: signal 17 (SIGCHLD) received from 24
2023/09/24 21:32:50 [notice] 1#1: worker process 24 exited with code 0
2023/09/24 21:32:50 [notice] 1#1: signal 29 (SIGIO) received
2023/09/24 21:32:50 [notice] 1#1: signal 17 (SIGCHLD) received from 27
2023/09/24 21:32:50 [notice] 1#1: worker process 27 exited with code 0
2023/09/24 21:32:50 [notice] 1#1: signal 29 (SIGIO) received
2023/09/24 21:32:50 [notice] 1#1: signal 17 (SIGCHLD) received from 25
2023/09/24 21:32:50 [notice] 1#1: worker process 25 exited with code 0
2023/09/24 21:32:50 [notice] 1#1: exit
2023/09/24 21:32:53 [notice] 1#1: using the "epoll" event method
2023/09/24 21:32:53 [notice] 1#1: nginx/1.25.2
2023/09/24 21:32:53 [notice] 1#1: built by gcc 12.2.0 (Debian 12.2.0-14) 
2023/09/24 21:32:53 [notice] 1#1: OS: Linux 6.2.0-33-generic
2023/09/24 21:32:53 [notice] 1#1: getrlimit(RLIMIT_NOFILE): 1048576:1048576
2023/09/24 21:32:53 [notice] 1#1: start worker processes
2023/09/24 21:32:53 [notice] 1#1: start worker process 20
2023/09/24 21:32:53 [notice] 1#1: start worker process 21
2023/09/24 21:32:53 [notice] 1#1: start worker process 22
2023/09/24 21:32:53 [notice] 1#1: start worker process 23
2023/09/24 21:32:53 [notice] 1#1: start worker process 24
2023/09/24 21:32:53 [notice] 1#1: start worker process 25
2023/09/24 21:32:53 [notice] 1#1: start worker process 26
2023/09/24 21:32:53 [notice] 1#1: start worker process 27
2023/09/24 21:32:57 [error] 20#20: *1 "/etc/nginx/html/index.html" is not found (2: No such file or directory), client: 172.21.0.1, server: , request: "GET / HTTP/1.1", host: "127.0.0.1:9090"
2023/09/24 21:32:58 [error] 20#20: *1 "/etc/nginx/html/index.html" is not found (2: No such file or directory), client: 172.21.0.1, server: , request: "GET / HTTP/1.1", host: "127.0.0.1:9090"
2023/09/24 21:32:58 [error] 20#20: *1 "/etc/nginx/html/index.html" is not found (2: No such file or directory), client: 172.21.0.1, server: , request: "GET / HTTP/1.1", host: "127.0.0.1:9090"
2023/09/24 21:32:58 [error] 20#20: *1 "/etc/nginx/html/index.html" is not found (2: No such file or directory), client: 172.21.0.1, server: , request: "GET / HTTP/1.1", host: "127.0.0.1:9090"
2023/09/24 21:32:59 [error] 20#20: *1 "/etc/nginx/html/index.html" is not found (2: No such file or directory), client: 172.21.0.1, server: , request: "GET / HTTP/1.1", host: "127.0.0.1:9090"
2023/09/24 21:32:59 [error] 20#20: *1 "/etc/nginx/html/index.html" is not found (2: No such file or directory), client: 172.21.0.1, server: , request: "GET / HTTP/1.1", host: "127.0.0.1:9090"
2023/09/24 21:32:59 [error] 20#20: *1 "/etc/nginx/html/index.html" is not found (2: No such file or directory), client: 172.21.0.1, server: , request: "GET / HTTP/1.1", host: "127.0.0.1:9090"
2023/09/24 21:33:34 [notice] 1#1: signal 3 (SIGQUIT) received, shutting down
2023/09/24 21:33:34 [notice] 20#20: gracefully shutting down
2023/09/24 21:33:34 [notice] 22#22: gracefully shutting down
2023/09/24 21:33:34 [notice] 21#21: gracefully shutting down
2023/09/24 21:33:34 [notice] 23#23: gracefully shutting down
2023/09/24 21:33:34 [notice] 24#24: gracefully shutting down
2023/09/24 21:33:34 [notice] 22#22: exiting
2023/09/24 21:33:34 [notice] 21#21: exiting
2023/09/24 21:33:34 [notice] 23#23: exiting
2023/09/24 21:33:34 [notice] 24#24: exiting
2023/09/24 21:33:34 [notice] 20#20: exiting
2023/09/24 21:33:34 [notice] 22#22: exit
2023/09/24 21:33:34 [notice] 23#23: exit
2023/09/24 21:33:34 [notice] 24#24: exit
2023/09/24 21:33:34 [notice] 20#20: exit
2023/09/24 21:33:34 [notice] 21#21: exit
2023/09/24 21:33:34 [notice] 25#25: gracefully shutting down
2023/09/24 21:33:34 [notice] 26#26: gracefully shutting down
2023/09/24 21:33:34 [notice] 25#25: exiting
2023/09/24 21:33:34 [notice] 26#26: exiting
2023/09/24 21:33:34 [notice] 25#25: exit
2023/09/24 21:33:34 [notice] 26#26: exit
2023/09/24 21:33:34 [notice] 27#27: gracefully shutting down
2023/09/24 21:33:34 [notice] 27#27: exiting
2023/09/24 21:33:34 [notice] 27#27: exit
2023/09/24 21:33:34 [notice] 1#1: signal 17 (SIGCHLD) received from 23
2023/09/24 21:33:34 [notice] 1#1: worker process 22 exited with code 0
2023/09/24 21:33:34 [notice] 1#1: worker process 23 exited with code 0
2023/09/24 21:33:34 [notice] 1#1: signal 29 (SIGIO) received
2023/09/24 21:33:34 [notice] 1#1: signal 17 (SIGCHLD) received from 24
2023/09/24 21:33:34 [notice] 1#1: worker process 24 exited with code 0
2023/09/24 21:33:34 [notice] 1#1: signal 29 (SIGIO) received
2023/09/24 21:33:34 [notice] 1#1: signal 17 (SIGCHLD) received from 21
2023/09/24 21:33:34 [notice] 1#1: worker process 20 exited with code 0
2023/09/24 21:33:34 [notice] 1#1: worker process 21 exited with code 0
2023/09/24 21:33:34 [notice] 1#1: worker process 25 exited with code 0
2023/09/24 21:33:34 [notice] 1#1: signal 29 (SIGIO) received
2023/09/24 21:33:34 [notice] 1#1: signal 17 (SIGCHLD) received from 27
2023/09/24 21:33:34 [notice] 1#1: worker process 27 exited with code 0
2023/09/24 21:33:34 [notice] 1#1: signal 29 (SIGIO) received
2023/09/24 21:33:34 [notice] 1#1: signal 17 (SIGCHLD) received from 26
2023/09/24 21:33:34 [notice] 1#1: worker process 26 exited with code 0
2023/09/24 21:33:34 [notice] 1#1: exit
2023/09/24 21:34:07 [notice] 1#1: using the "epoll" event method
2023/09/24 21:34:07 [notice] 1#1: nginx/1.25.2
2023/09/24 21:34:07 [notice] 1#1: built by gcc 12.2.0 (Debian 12.2.0-14) 
2023/09/24 21:34:07 [notice] 1#1: OS: Linux 6.2.0-33-generic
2023/09/24 21:34:07 [notice] 1#1: getrlimit(RLIMIT_NOFILE): 1048576:1048576
2023/09/24 21:34:07 [notice] 1#1: start worker processes
2023/09/24 21:34:07 [notice] 1#1: start worker process 20
2023/09/24 21:34:07 [notice] 1#1: start worker process 21
2023/09/24 21:34:07 [notice] 1#1: start worker process 22
2023/09/24 21:34:07 [notice] 1#1: start worker process 23
2023/09/24 21:34:07 [notice] 1#1: start worker process 24
2023/09/24 21:34:07 [notice] 1#1: start worker process 25
2023/09/24 21:34:07 [notice] 1#1: start worker process 26
2023/09/24 21:34:07 [notice] 1#1: start worker process 27
2023/09/24 21:34:09 [error] 20#20: *1 open() "/etc/nginx/html/static/styles.css" failed (2: No such file or directory), client: 172.22.0.1, server: , request: "GET /static/styles.css HTTP/1.1", host: "127.0.0.1:9090", referrer: "http://127.0.0.1:9090/"
2023/09/24 21:34:09 [error] 20#20: *1 open() "/etc/nginx/html/static/scripts.js" failed (2: No such file or directory), client: 172.22.0.1, server: , request: "GET /static/scripts.js HTTP/1.1", host: "127.0.0.1:9090", referrer: "http://127.0.0.1:9090/"
2023/09/24 21:34:09 [error] 21#21: *2 open() "/etc/nginx/html/static/lorenzoarcioni.jpg" failed (2: No such file or directory), client: 172.22.0.1, server: , request: "GET /static/lorenzoarcioni.jpg HTTP/1.1", host: "127.0.0.1:9090", referrer: "http://127.0.0.1:9090/"
2023/09/24 21:34:09 [error] 21#21: *2 open() "/etc/nginx/html/static/fav-icon.png" failed (2: No such file or directory), client: 172.22.0.1, server: , request: "GET /static/fav-icon.png HTTP/1.1", host: "127.0.0.1:9090", referrer: "http://127.0.0.1:9090/"
2023/09/24 21:34:22 [notice] 1#1: signal 3 (SIGQUIT) received, shutting down
2023/09/24 21:34:22 [notice] 20#20: gracefully shutting down
2023/09/24 21:34:22 [notice] 21#21: gracefully shutting down
2023/09/24 21:34:22 [notice] 22#22: gracefully shutting down
2023/09/24 21:34:22 [notice] 24#24: gracefully shutting down
2023/09/24 21:34:22 [notice] 23#23: gracefully shutting down
2023/09/24 21:34:22 [notice] 25#25: gracefully shutting down
2023/09/24 21:34:22 [notice] 22#22: exiting
2023/09/24 21:34:22 [notice] 24#24: exiting
2023/09/24 21:34:22 [notice] 23#23: exiting
2023/09/24 21:34:22 [notice] 20#20: exiting
2023/09/24 21:34:22 [notice] 21#21: exiting
2023/09/24 21:34:22 [notice] 25#25: exiting
2023/09/24 21:34:22 [notice] 23#23: exit
2023/09/24 21:34:22 [notice] 24#24: exit
2023/09/24 21:34:22 [notice] 20#20: exit
2023/09/24 21:34:22 [notice] 21#21: exit
2023/09/24 21:34:22 [notice] 25#25: exit
2023/09/24 21:34:22 [notice] 22#22: exit
2023/09/24 21:34:22 [notice] 26#26: gracefully shutting down
2023/09/24 21:34:22 [notice] 26#26: exiting
2023/09/24 21:34:22 [notice] 26#26: exit
2023/09/24 21:34:22 [notice] 27#27: gracefully shutting down
2023/09/24 21:34:22 [notice] 27#27: exiting
2023/09/24 21:34:22 [notice] 27#27: exit
2023/09/24 21:34:22 [notice] 1#1: signal 17 (SIGCHLD) received from 26
2023/09/24 21:34:22 [notice] 1#1: worker process 26 exited with code 0
2023/09/24 21:34:22 [notice] 1#1: signal 29 (SIGIO) received
2023/09/24 21:34:22 [notice] 1#1: signal 17 (SIGCHLD) received from 24
2023/09/24 21:34:22 [notice] 1#1: worker process 24 exited with code 0
2023/09/24 21:34:22 [notice] 1#1: signal 29 (SIGIO) received
2023/09/24 21:34:22 [notice] 1#1: signal 17 (SIGCHLD) received from 25
2023/09/24 21:34:22 [notice] 1#1: worker process 25 exited with code 0
2023/09/24 21:34:22 [notice] 1#1: worker process 27 exited with code 0
2023/09/24 21:34:22 [notice] 1#1: signal 29 (SIGIO) received
2023/09/24 21:34:22 [notice] 1#1: signal 17 (SIGCHLD) received from 21
2023/09/24 21:34:22 [notice] 1#1: worker process 21 exited with code 0
2023/09/24 21:34:22 [notice] 1#1: signal 29 (SIGIO) received
2023/09/24 21:34:22 [notice] 1#1: signal 17 (SIGCHLD) received from 22
2023/09/24 21:34:22 [notice] 1#1: worker process 22 exited with code 0
2023/09/24 21:34:22 [notice] 1#1: signal 29 (SIGIO) received
2023/09/24 21:34:22 [notice] 1#1: signal 17 (SIGCHLD) received from 23
2023/09/24 21:34:22 [notice] 1#1: worker process 23 exited with code 0
2023/09/24 21:34:22 [notice] 1#1: signal 29 (SIGIO) received
2023/09/24 21:34:22 [notice] 1#1: signal 17 (SIGCHLD) received from 20
2023/09/24 21:34:22 [notice] 1#1: worker process 20 exited with code 0
2023/09/24 21:34:22 [notice] 1#1: exit
2023/09/24 21:35:09 [notice] 1#1: using the "epoll" event method
2023/09/24 21:35:09 [notice] 1#1: nginx/1.25.2
2023/09/24 21:35:09 [notice] 1#1: built by gcc 12.2.0 (Debian 12.2.0-14) 
2023/09/24 21:35:09 [notice] 1#1: OS: Linux 6.2.0-33-generic
2023/09/24 21:35:09 [notice] 1#1: getrlimit(RLIMIT_NOFILE): 1048576:1048576
2023/09/24 21:35:09 [notice] 1#1: start worker processes
2023/09/24 21:35:09 [notice] 1#1: start worker process 20
2023/09/24 21:35:09 [notice] 1#1: start worker process 21
2023/09/24 21:35:09 [notice] 1#1: start worker process 22
2023/09/24 21:35:09 [notice] 1#1: start worker process 23
2023/09/24 21:35:09 [notice] 1#1: start worker process 24
2023/09/24 21:35:09 [notice] 1#1: start worker process 25
2023/09/24 21:35:09 [notice] 1#1: start worker process 26
2023/09/24 21:35:09 [notice] 1#1: start worker process 27
2023/09/24 21:35:39 [notice] 1#1: signal 3 (SIGQUIT) received, shutting down
2023/09/24 21:35:39 [notice] 20#20: gracefully shutting down
2023/09/24 21:35:39 [notice] 21#21: gracefully shutting down
2023/09/24 21:35:39 [notice] 22#22: gracefully shutting down
2023/09/24 21:35:39 [notice] 23#23: gracefully shutting down
2023/09/24 21:35:39 [notice] 24#24: gracefully shutting down
2023/09/24 21:35:39 [notice] 25#25: gracefully shutting down
2023/09/24 21:35:39 [notice] 22#22: exiting
2023/09/24 21:35:39 [notice] 27#27: gracefully shutting down
2023/09/24 21:35:39 [notice] 23#23: exiting
2023/09/24 21:35:39 [notice] 24#24: exiting
2023/09/24 21:35:39 [notice] 25#25: exiting
2023/09/24 21:35:39 [notice] 27#27: exiting
2023/09/24 21:35:39 [notice] 21#21: exiting
2023/09/24 21:35:39 [notice] 23#23: exit
2023/09/24 21:35:39 [notice] 27#27: exit
2023/09/24 21:35:39 [notice] 22#22: exit
2023/09/24 21:35:39 [notice] 24#24: exit
2023/09/24 21:35:39 [notice] 25#25: exit
2023/09/24 21:35:39 [notice] 21#21: exit
2023/09/24 21:35:39 [notice] 26#26: gracefully shutting down
2023/09/24 21:35:39 [notice] 26#26: exiting
2023/09/24 21:35:39 [notice] 26#26: exit
2023/09/24 21:35:39 [notice] 20#20: exiting
2023/09/24 21:35:39 [notice] 20#20: exit
2023/09/24 21:35:39 [notice] 1#1: signal 17 (SIGCHLD) received from 27
2023/09/24 21:35:39 [notice] 1#1: worker process 27 exited with code 0
2023/09/24 21:35:39 [notice] 1#1: signal 29 (SIGIO) received
2023/09/24 21:35:39 [notice] 1#1: signal 17 (SIGCHLD) received from 23
2023/09/24 21:35:39 [notice] 1#1: worker process 20 exited with code 0
2023/09/24 21:35:39 [notice] 1#1: worker process 23 exited with code 0
2023/09/24 21:35:39 [notice] 1#1: signal 29 (SIGIO) received
2023/09/24 21:35:39 [notice] 1#1: signal 17 (SIGCHLD) received from 21
2023/09/24 21:35:39 [notice] 1#1: worker process 21 exited with code 0
2023/09/24 21:35:39 [notice] 1#1: worker process 22 exited with code 0
2023/09/24 21:35:39 [notice] 1#1: worker process 24 exited with code 0
2023/09/24 21:35:39 [notice] 1#1: signal 29 (SIGIO) received
2023/09/24 21:35:39 [notice] 1#1: signal 17 (SIGCHLD) received from 24
2023/09/24 21:35:39 [notice] 1#1: signal 17 (SIGCHLD) received from 26
2023/09/24 21:35:39 [notice] 1#1: worker process 26 exited with code 0
2023/09/24 21:35:39 [notice] 1#1: signal 29 (SIGIO) received
2023/09/24 21:35:39 [notice] 1#1: signal 17 (SIGCHLD) received from 25
2023/09/24 21:35:39 [notice] 1#1: worker process 25 exited with code 0
2023/09/24 21:35:39 [notice] 1#1: exit
